2018-09-04 20:02:40,456 INFO o.a.j.u.JMeterUtils: Setting Locale to en_EN
2018-09-04 20:02:40,475 INFO o.a.j.JMeter: Loading user properties from: user.properties
2018-09-04 20:02:40,475 INFO o.a.j.JMeter: Loading system properties from: system.properties
2018-09-04 20:02:40,480 INFO o.a.j.JMeter: Copyright (c) 1998-2018 The Apache Software Foundation
2018-09-04 20:02:40,480 INFO o.a.j.JMeter: Version 4.0 r1823414
2018-09-04 20:02:40,481 INFO o.a.j.JMeter: java.version=1.8.0_172
2018-09-04 20:02:40,481 INFO o.a.j.JMeter: java.vm.name=Java HotSpot(TM) 64-Bit Server VM
2018-09-04 20:02:40,481 INFO o.a.j.JMeter: os.name=Mac OS X
2018-09-04 20:02:40,481 INFO o.a.j.JMeter: os.arch=x86_64
2018-09-04 20:02:40,481 INFO o.a.j.JMeter: os.version=10.13.6
2018-09-04 20:02:40,481 INFO o.a.j.JMeter: file.encoding=UTF-8
2018-09-04 20:02:40,481 INFO o.a.j.JMeter: Max memory     =1073741824
2018-09-04 20:02:40,481 INFO o.a.j.JMeter: Available Processors =8
2018-09-04 20:02:40,484 INFO o.a.j.JMeter: Default Locale=English (EN)
2018-09-04 20:02:40,485 INFO o.a.j.JMeter: JMeter  Locale=English (EN)
2018-09-04 20:02:40,485 INFO o.a.j.JMeter: JMeterHome=/Users/nsgs3/Documents/Woolies/jmeter-taurus-docker/jmeterfile/apache-jmeter-4.0.2
2018-09-04 20:02:40,485 INFO o.a.j.JMeter: user.dir  =/Users/nsgs3/Documents/Woolies/jmeter-taurus-docker/jmeterfile/apache-jmeter-4.0.2/bin
2018-09-04 20:02:40,485 INFO o.a.j.JMeter: PWD       =/Users/nsgs3/Documents/Woolies/jmeter-taurus-docker/jmeterfile/apache-jmeter-4.0.2/bin
2018-09-04 20:02:40,486 INFO o.a.j.JMeter: IP: 192.168.1.112 Name: 192-168-1-112.tpgi.com.au FullName: 192-168-1-112.tpgi.com.au
2018-09-04 20:02:42,667 INFO o.a.j.g.a.LookAndFeelCommand: Installing Darcula LAF
2018-09-04 20:02:42,682 INFO o.a.j.g.a.LookAndFeelCommand: Using look and feel: com.bulenkov.darcula.DarculaLaf [Darcula]
2018-09-04 20:02:42,682 INFO o.a.j.JMeter: Setting LAF to: com.bulenkov.darcula.DarculaLaf
2018-09-04 20:02:42,755 INFO o.a.j.JMeter: Loaded icon properties from org/apache/jmeter/images/icon.properties
2018-09-04 20:02:43,611 INFO o.a.j.e.u.CompoundVariable: Note: Function class names must contain the string: '.functions.'
2018-09-04 20:02:43,611 INFO o.a.j.e.u.CompoundVariable: Note: Function class names must not contain the string: '.gui.'
2018-09-04 20:02:44,639 INFO o.j.r.JARSourceHTTP: Requesting https://jmeter-plugins.org/repo/?installID=mac_os_x-d54bae85418bbd22c58a35878ad872cc-gui
2018-09-04 20:02:45,053 INFO o.a.j.JMeter: Loading file: /Users/nsgs3/Documents/Woolies/loadtesting/taurus/apigee_uat/scripts/apigee_loadtesting.jmx
2018-09-04 20:02:45,055 INFO o.a.j.s.FileServer: Default base='/Users/nsgs3/Documents/Woolies/jmeter-taurus-docker/jmeterfile/apache-jmeter-4.0.2/bin'
2018-09-04 20:02:45,056 INFO o.a.j.s.FileServer: Set new base='/Users/nsgs3/Documents/Woolies/loadtesting/taurus/apigee_uat/scripts'
2018-09-04 20:02:45,183 INFO o.a.j.s.SaveService: Testplan (JMX) version: 2.2. Testlog (JTL) version: 2.2
2018-09-04 20:02:45,187 INFO o.a.j.s.SaveService: Using SaveService properties file encoding UTF-8
2018-09-04 20:02:45,188 INFO o.a.j.s.SaveService: Using SaveService properties version 4.0
2018-09-04 20:02:45,192 INFO o.a.j.s.SaveService: Loading file: /Users/nsgs3/Documents/Woolies/loadtesting/taurus/apigee_uat/scripts/apigee_loadtesting.jmx
2018-09-04 20:02:45,434 INFO o.a.j.p.h.s.HTTPSamplerBase: Parser for text/html is org.apache.jmeter.protocol.http.parser.LagartoBasedHtmlParser
2018-09-04 20:02:45,435 INFO o.a.j.p.h.s.HTTPSamplerBase: Parser for application/xhtml+xml is org.apache.jmeter.protocol.http.parser.LagartoBasedHtmlParser
2018-09-04 20:02:45,435 INFO o.a.j.p.h.s.HTTPSamplerBase: Parser for application/xml is org.apache.jmeter.protocol.http.parser.LagartoBasedHtmlParser
2018-09-04 20:02:45,435 INFO o.a.j.p.h.s.HTTPSamplerBase: Parser for text/xml is org.apache.jmeter.protocol.http.parser.LagartoBasedHtmlParser
2018-09-04 20:02:45,435 INFO o.a.j.p.h.s.HTTPSamplerBase: Parser for text/vnd.wap.wml is org.apache.jmeter.protocol.http.parser.RegexpHTMLParser
2018-09-04 20:02:45,435 INFO o.a.j.p.h.s.HTTPSamplerBase: Parser for text/css is org.apache.jmeter.protocol.http.parser.CssParser
2018-09-04 20:02:45,469 INFO o.a.j.s.SampleResult: Note: Sample TimeStamps are START times
2018-09-04 20:02:45,469 INFO o.a.j.s.SampleResult: sampleresult.default.encoding is set to ISO-8859-1
2018-09-04 20:02:45,469 INFO o.a.j.s.SampleResult: sampleresult.useNanoTime=true
2018-09-04 20:02:45,469 INFO o.a.j.s.SampleResult: sampleresult.nanoThreadSleep=5000
2018-09-04 20:02:45,587 INFO o.a.j.s.FileServer: Set new base='/Users/nsgs3/Documents/Woolies/loadtesting/taurus/apigee_uat/scripts'
2018-09-04 20:02:46,785 INFO o.j.r.PluginManager: Plugins Status: [jpgc-casutg=2.5, jmeter.backendlistener.elasticsearch=2.4.3, jpgc-plugins-manager=1.3, jmeter-core=4.0, jmeter-ftp=4.0, jmeter-http=4.0, jmeter-jdbc=4.0, jmeter-jms=4.0, jmeter-junit=4.0, jmeter-java=4.0, jmeter-ldap=4.0, jmeter-mail=4.0, jmeter-mongodb=4.0, jmeter-native=4.0, jmeter-tcp=4.0, jmeter-components=4.0]
2018-09-04 20:02:47,299 INFO o.a.j.e.KeyToolUtils: keytool found at 'keytool'
2018-09-04 20:02:47,300 INFO o.a.j.p.h.p.ProxyControl: HTTP(S) Test Script Recorder SSL Proxy will use keys that support embedded 3rd party resources in file /Users/nsgs3/Documents/Woolies/jmeter-taurus-docker/jmeterfile/apache-jmeter-4.0.2/bin/proxyserver.jks
